[2024-11-19T15:24:51.356+0000] {local_task_job_runner.py:123} INFO - ::group::Pre task execution logs
[2024-11-19T15:24:51.426+0000] {taskinstance.py:2613} INFO - Dependencies all met for dep_context=non-requeueable deps ti=<TaskInstance: fetch_and_store_amazon_books3.create_table manual__2024-11-19T15:23:18.864964+00:00 [queued]>
[2024-11-19T15:24:51.473+0000] {taskinstance.py:2613} INFO - Dependencies all met for dep_context=requeueable deps ti=<TaskInstance: fetch_and_store_amazon_books3.create_table manual__2024-11-19T15:23:18.864964+00:00 [queued]>
[2024-11-19T15:24:51.485+0000] {taskinstance.py:2866} INFO - Starting attempt 1 of 2
[2024-11-19T15:24:51.610+0000] {taskinstance.py:2889} INFO - Executing <Task(PostgresOperator): create_table> on 2024-11-19 15:23:18.864964+00:00
[2024-11-19T15:24:51.765+0000] {standard_task_runner.py:104} INFO - Running: ['***', 'tasks', 'run', 'fetch_and_store_amazon_books3', 'create_table', 'manual__2024-11-19T15:23:18.864964+00:00', '--job-id', '15', '--raw', '--subdir', 'DAGS_FOLDER/dag.py', '--cfg-path', '/tmp/tmp2pjs36nx']
[2024-11-19T15:24:51.775+0000] {standard_task_runner.py:105} INFO - Job 15: Subtask create_table
[2024-11-19T15:24:51.762+0000] {warnings.py:112} WARNING - /home/***/.local/lib/python3.12/site-packages/***/task/task_runner/standard_task_runner.py:70: DeprecationWarning: This process (pid=103) is multi-threaded, use of fork() may lead to deadlocks in the child.
  pid = os.fork()

[2024-11-19T15:24:51.785+0000] {standard_task_runner.py:72} INFO - Started process 111 to run task
[2024-11-19T15:24:52.039+0000] {task_command.py:467} INFO - Running <TaskInstance: fetch_and_store_amazon_books3.create_table manual__2024-11-19T15:23:18.864964+00:00 [running]> on host 5313be77955d
[2024-11-19T15:24:52.273+0000] {taskinstance.py:3132} INFO - Exporting env vars: AIRFLOW_CTX_DAG_OWNER='***' AIRFLOW_CTX_DAG_ID='fetch_and_store_amazon_books3' AIRFLOW_CTX_TASK_ID='create_table' AIRFLOW_CTX_EXECUTION_DATE='2024-11-19T15:23:18.864964+00:00' AIRFLOW_CTX_TRY_NUMBER='1' AIRFLOW_CTX_DAG_RUN_ID='manual__2024-11-19T15:23:18.864964+00:00'
[2024-11-19T15:24:52.282+0000] {logging_mixin.py:190} INFO - Task instance is in running state
[2024-11-19T15:24:52.285+0000] {logging_mixin.py:190} INFO -  Previous state of the Task instance: queued
[2024-11-19T15:24:52.287+0000] {logging_mixin.py:190} INFO - Current task name:create_table state:running start_date:2024-11-19 15:24:51.427787+00:00
[2024-11-19T15:24:52.291+0000] {logging_mixin.py:190} INFO - Dag name:fetch_and_store_amazon_books3 and current dag run status:running
[2024-11-19T15:24:52.297+0000] {taskinstance.py:731} INFO - ::endgroup::
[2024-11-19T15:24:52.303+0000] {sql.py:278} INFO - Executing: 
    CREATE TABLE IF NOT EXISTS books (
        id SERIAL PRIMARY KEY,
        title TEXT NOT NULL,
        authors TEXT,
        price TEXT,
        rating TEXT
    );
    
[2024-11-19T15:24:52.355+0000] {base.py:84} INFO - Retrieving connection 'books_connection'
[2024-11-19T15:24:52.419+0000] {base.py:84} INFO - Retrieving connection 'books_connection'
[2024-11-19T15:24:52.502+0000] {sql.py:544} INFO - Running statement: 
    CREATE TABLE IF NOT EXISTS books (
        id SERIAL PRIMARY KEY,
        title TEXT NOT NULL,
        authors TEXT,
        price TEXT,
        rating TEXT
    );
    , parameters: None
[2024-11-19T15:24:52.681+0000] {taskinstance.py:340} INFO - ::group::Post task execution logs
[2024-11-19T15:24:52.683+0000] {taskinstance.py:352} INFO - Marking task as SUCCESS. dag_id=fetch_and_store_amazon_books3, task_id=create_table, run_id=manual__2024-11-19T15:23:18.864964+00:00, execution_date=20241119T152318, start_date=20241119T152451, end_date=20241119T152452
[2024-11-19T15:24:52.747+0000] {logging_mixin.py:190} INFO - Task instance in success state
[2024-11-19T15:24:52.750+0000] {logging_mixin.py:190} INFO -  Previous state of the Task instance: running
[2024-11-19T15:24:52.754+0000] {logging_mixin.py:190} INFO - Dag name:fetch_and_store_amazon_books3 queued_at:2024-11-19 15:23:18.992955+00:00
[2024-11-19T15:24:52.755+0000] {logging_mixin.py:190} INFO - Task hostname:5313be77955d operator:PostgresOperator
[2024-11-19T15:24:52.801+0000] {local_task_job_runner.py:266} INFO - Task exited with return code 0
[2024-11-19T15:24:52.908+0000] {taskinstance.py:3895} INFO - 1 downstream tasks scheduled from follow-on schedule check
[2024-11-19T15:24:52.923+0000] {local_task_job_runner.py:245} INFO - ::endgroup::
