[2024-11-19T15:24:20.207+0000] {local_task_job_runner.py:123} INFO - ::group::Pre task execution logs
[2024-11-19T15:24:20.491+0000] {taskinstance.py:2613} INFO - Dependencies all met for dep_context=non-requeueable deps ti=<TaskInstance: fetch_and_store_amazon_books3.fetch_book_data manual__2024-11-19T15:23:18.864964+00:00 [queued]>
[2024-11-19T15:24:20.581+0000] {taskinstance.py:2613} INFO - Dependencies all met for dep_context=requeueable deps ti=<TaskInstance: fetch_and_store_amazon_books3.fetch_book_data manual__2024-11-19T15:23:18.864964+00:00 [queued]>
[2024-11-19T15:24:20.584+0000] {taskinstance.py:2866} INFO - Starting attempt 1 of 2
[2024-11-19T15:24:20.892+0000] {taskinstance.py:2889} INFO - Executing <Task(PythonOperator): fetch_book_data> on 2024-11-19 15:23:18.864964+00:00
[2024-11-19T15:24:20.988+0000] {warnings.py:112} WARNING - /home/***/.local/lib/python3.12/site-packages/***/task/task_runner/standard_task_runner.py:70: DeprecationWarning: This process (pid=87) is multi-threaded, use of fork() may lead to deadlocks in the child.
  pid = os.fork()

[2024-11-19T15:24:21.079+0000] {standard_task_runner.py:72} INFO - Started process 101 to run task
[2024-11-19T15:24:21.117+0000] {standard_task_runner.py:104} INFO - Running: ['***', 'tasks', 'run', 'fetch_and_store_amazon_books3', 'fetch_book_data', 'manual__2024-11-19T15:23:18.864964+00:00', '--job-id', '14', '--raw', '--subdir', 'DAGS_FOLDER/dag.py', '--cfg-path', '/tmp/tmpvic_s8wu']
[2024-11-19T15:24:21.126+0000] {standard_task_runner.py:105} INFO - Job 14: Subtask fetch_book_data
[2024-11-19T15:24:21.625+0000] {task_command.py:467} INFO - Running <TaskInstance: fetch_and_store_amazon_books3.fetch_book_data manual__2024-11-19T15:23:18.864964+00:00 [running]> on host 5313be77955d
[2024-11-19T15:24:22.240+0000] {taskinstance.py:3132} INFO - Exporting env vars: AIRFLOW_CTX_DAG_OWNER='***' AIRFLOW_CTX_DAG_ID='fetch_and_store_amazon_books3' AIRFLOW_CTX_TASK_ID='fetch_book_data' AIRFLOW_CTX_EXECUTION_DATE='2024-11-19T15:23:18.864964+00:00' AIRFLOW_CTX_TRY_NUMBER='1' AIRFLOW_CTX_DAG_RUN_ID='manual__2024-11-19T15:23:18.864964+00:00'
[2024-11-19T15:24:22.354+0000] {logging_mixin.py:190} INFO - Task instance is in running state
[2024-11-19T15:24:22.365+0000] {logging_mixin.py:190} INFO -  Previous state of the Task instance: queued
[2024-11-19T15:24:22.379+0000] {logging_mixin.py:190} INFO - Current task name:fetch_book_data state:running start_date:2024-11-19 15:24:20.503397+00:00
[2024-11-19T15:24:22.390+0000] {logging_mixin.py:190} INFO - Dag name:fetch_and_store_amazon_books3 and current dag run status:running
[2024-11-19T15:24:22.395+0000] {taskinstance.py:731} INFO - ::endgroup::
[2024-11-19T15:24:25.996+0000] {python.py:240} INFO - Done. Returned value was: None
[2024-11-19T15:24:26.089+0000] {taskinstance.py:340} INFO - ::group::Post task execution logs
[2024-11-19T15:24:26.101+0000] {taskinstance.py:352} INFO - Marking task as SUCCESS. dag_id=fetch_and_store_amazon_books3, task_id=fetch_book_data, run_id=manual__2024-11-19T15:23:18.864964+00:00, execution_date=20241119T152318, start_date=20241119T152420, end_date=20241119T152426
[2024-11-19T15:24:26.198+0000] {logging_mixin.py:190} INFO - Task instance in success state
[2024-11-19T15:24:26.199+0000] {logging_mixin.py:190} INFO -  Previous state of the Task instance: running
[2024-11-19T15:24:26.200+0000] {logging_mixin.py:190} INFO - Dag name:fetch_and_store_amazon_books3 queued_at:2024-11-19 15:23:18.992955+00:00
[2024-11-19T15:24:26.202+0000] {logging_mixin.py:190} INFO - Task hostname:5313be77955d operator:PythonOperator
[2024-11-19T15:24:26.375+0000] {local_task_job_runner.py:266} INFO - Task exited with return code 0
[2024-11-19T15:24:26.605+0000] {taskinstance.py:3895} INFO - 1 downstream tasks scheduled from follow-on schedule check
[2024-11-19T15:24:26.662+0000] {local_task_job_runner.py:245} INFO - ::endgroup::
